<?xml version="1.0" encoding="UTF-8"?>
<testng-results skipped="0" failed="1" total="3" passed="2">
  <reporter-output>
  </reporter-output>
  <suite name="Default suite" duration-ms="6453" started-at="2019-03-02T01:15:00Z" finished-at="2019-03-02T01:15:06Z">
    <groups>
    </groups>
    <test name="Default test" duration-ms="6453" started-at="2019-03-02T01:15:00Z" finished-at="2019-03-02T01:15:06Z">
      <class name="mercuryTour.MercuryTour">
        <test-method status="PASS" signature="setUp()[pri:0, instance:mercuryTour.MercuryTour@675d3402]" name="setUp" is-config="true" duration-ms="169" started-at="2019-03-01T20:15:00Z" finished-at="2019-03-01T20:15:00Z">
          <reporter-output>
          </reporter-output>
        </test-method> <!-- setUp -->
        <test-method status="PASS" signature="openBrowser()[pri:0, instance:mercuryTour.MercuryTour@675d3402]" name="openBrowser" duration-ms="2875" started-at="2019-03-01T20:15:00Z" finished-at="2019-03-01T20:15:03Z">
          <reporter-output>
          </reporter-output>
        </test-method> <!-- openBrowser -->
        <test-method status="PASS" signature="checkResults(org.testng.ITestResult)[pri:0, instance:mercuryTour.MercuryTour@675d3402]" name="checkResults" is-config="true" duration-ms="1" started-at="2019-03-01T20:15:03Z" finished-at="2019-03-01T20:15:03Z">
          <params>
            <param index="0">
              <value>
                <![CDATA[[TestResult name=openBrowser status=SUCCESS method=MercuryTour.openBrowser()[pri:0, instance:mercuryTour.MercuryTour@675d3402] output={null}]]]>
              </value>
            </param>
          </params>
          <reporter-output>
          </reporter-output>
        </test-method> <!-- checkResults -->
        <test-method status="PASS" signature="OpenAutUrl()[pri:1, instance:mercuryTour.MercuryTour@675d3402]" name="OpenAutUrl" duration-ms="832" started-at="2019-03-01T20:15:03Z" finished-at="2019-03-01T20:15:03Z">
          <reporter-output>
          </reporter-output>
        </test-method> <!-- OpenAutUrl -->
        <test-method status="PASS" signature="checkResults(org.testng.ITestResult)[pri:0, instance:mercuryTour.MercuryTour@675d3402]" name="checkResults" is-config="true" duration-ms="5" started-at="2019-03-01T20:15:03Z" finished-at="2019-03-01T20:15:03Z">
          <params>
            <param index="0">
              <value>
                <![CDATA[[TestResult name=OpenAutUrl status=SUCCESS method=MercuryTour.OpenAutUrl()[pri:1, instance:mercuryTour.MercuryTour@675d3402] output={null}]]]>
              </value>
            </param>
          </params>
          <reporter-output>
          </reporter-output>
        </test-method> <!-- checkResults -->
        <test-method status="FAIL" signature="verifyPageTitle()[pri:2, instance:mercuryTour.MercuryTour@675d3402]" name="verifyPageTitle" duration-ms="16" started-at="2019-03-01T20:15:03Z" finished-at="2019-03-01T20:15:03Z">
          <exception class="java.lang.AssertionError">
            <message>
              <![CDATA[expected [true] but found [false]]]>
            </message>
            <full-stacktrace>
              <![CDATA[java.lang.AssertionError: expected [true] but found [false]
	at org.testng.Assert.fail(Assert.java:94)
	at org.testng.Assert.failNotEquals(Assert.java:513)
	at org.testng.Assert.assertTrue(Assert.java:42)
	at org.testng.Assert.assertTrue(Assert.java:52)
	at mercuryTour.MercuryTour.verifyPageTitle(MercuryTour.java:62)
	at sun.reflect.NativeMethodAccessorImpl.invoke0(Native Method)
	at sun.reflect.NativeMethodAccessorImpl.invoke(NativeMethodAccessorImpl.java:62)
	at sun.reflect.DelegatingMethodAccessorImpl.invoke(DelegatingMethodAccessorImpl.java:43)
	at java.lang.reflect.Method.invoke(Method.java:498)
	at org.testng.internal.MethodInvocationHelper.invokeMethod(MethodInvocationHelper.java:86)
	at org.testng.internal.Invoker.invokeMethod(Invoker.java:643)
	at org.testng.internal.Invoker.invokeTestMethod(Invoker.java:820)
	at org.testng.internal.Invoker.invokeTestMethods(Invoker.java:1128)
	at org.testng.internal.TestMethodWorker.invokeTestMethods(TestMethodWorker.java:129)
	at org.testng.internal.TestMethodWorker.run(TestMethodWorker.java:112)
	at org.testng.TestRunner.privateRun(TestRunner.java:782)
	at org.testng.TestRunner.run(TestRunner.java:632)
	at org.testng.SuiteRunner.runTest(SuiteRunner.java:366)
	at org.testng.SuiteRunner.runSequentially(SuiteRunner.java:361)
	at org.testng.SuiteRunner.privateRun(SuiteRunner.java:319)
	at org.testng.SuiteRunner.run(SuiteRunner.java:268)
	at org.testng.SuiteRunnerWorker.runSuite(SuiteRunnerWorker.java:52)
	at org.testng.SuiteRunnerWorker.run(SuiteRunnerWorker.java:86)
	at org.testng.TestNG.runSuitesSequentially(TestNG.java:1244)
	at org.testng.TestNG.runSuitesLocally(TestNG.java:1169)
	at org.testng.TestNG.run(TestNG.java:1064)
	at org.testng.remote.AbstractRemoteTestNG.run(AbstractRemoteTestNG.java:114)
	at org.testng.remote.RemoteTestNG.initAndRun(RemoteTestNG.java:251)
	at org.testng.remote.RemoteTestNG.main(RemoteTestNG.java:77)
]]>
            </full-stacktrace>
          </exception> <!-- java.lang.AssertionError -->
          <reporter-output>
          </reporter-output>
        </test-method> <!-- verifyPageTitle -->
        <test-method status="PASS" signature="checkResults(org.testng.ITestResult)[pri:0, instance:mercuryTour.MercuryTour@675d3402]" name="checkResults" is-config="true" duration-ms="6" started-at="2019-03-01T20:15:03Z" finished-at="2019-03-01T20:15:03Z">
          <params>
            <param index="0">
              <value>
                <![CDATA[[TestResult name=verifyPageTitle status=FAILURE method=MercuryTour.verifyPageTitle()[pri:2, instance:mercuryTour.MercuryTour@675d3402] output={null}]]]>
              </value>
            </param>
          </params>
          <reporter-output>
          </reporter-output>
        </test-method> <!-- checkResults -->
        <test-method status="PASS" signature="cleanUp()[pri:0, instance:mercuryTour.MercuryTour@675d3402]" name="cleanUp" is-config="true" duration-ms="2529" started-at="2019-03-01T20:15:03Z" finished-at="2019-03-01T20:15:06Z">
          <reporter-output>
          </reporter-output>
        </test-method> <!-- cleanUp -->
      </class> <!-- mercuryTour.MercuryTour -->
    </test> <!-- Default test -->
  </suite> <!-- Default suite -->
</testng-results>
